[03:19:55] [ServerMain/INFO]: Environment: Environment[sessionHost=https://sessionserver.mojang.com, servicesHost=https://api.minecraftservices.com, name=PROD]
[03:20:00] [ServerMain/INFO]: Loaded 1337 recipes
[03:20:00] [ServerMain/INFO]: Loaded 1448 advancements
[03:20:00] [Server thread/INFO]: Starting minecraft server version 1.21.3
[03:20:00] [Server thread/INFO]: Loading properties
[03:20:00] [Server thread/INFO]: Default game type: SURVIVAL
[03:20:00] [Server thread/INFO]: Generating keypair
[03:20:01] [Server thread/INFO]: Starting Minecraft server on *:25565
[03:20:01] [Server thread/INFO]: Using epoll channel type
[03:20:01] [Server thread/WARN]: **** SERVER IS RUNNING IN OFFLINE/INSECURE MODE!
[03:20:01] [Server thread/WARN]: The server will make no attempt to authenticate usernames. Beware.
[03:20:01] [Server thread/WARN]: While this makes the game possible to play without internet access, it also opens up the ability for hackers to connect with any username they choose.
[03:20:01] [Server thread/WARN]: To change this, set "online-mode" to "true" in the server.properties file.
[03:20:01] [Server thread/INFO]: Preparing level "world"
[03:20:02] [Server thread/INFO]: Preparing start region for dimension minecraft:overworld
[03:20:11] [Worker-Main-1/INFO]: Preparing spawn area: 0%
[03:20:11] [Worker-Main-1/INFO]: Preparing spawn area: 0%
[03:20:11] [Worker-Main-1/INFO]: Preparing spawn area: 0%
[03:20:11] [Worker-Main-1/INFO]: Preparing spawn area: 0%
[03:20:11] [Worker-Main-1/INFO]: Preparing spawn area: 0%
[03:20:11] [Worker-Main-1/INFO]: Preparing spawn area: 0%
[03:20:11] [Worker-Main-1/INFO]: Preparing spawn area: 0%
[03:20:11] [Worker-Main-1/INFO]: Preparing spawn area: 0%
[03:20:11] [Worker-Main-1/INFO]: Preparing spawn area: 0%
[03:20:11] [Worker-Main-1/INFO]: Preparing spawn area: 0%
[03:20:11] [Worker-Main-1/INFO]: Preparing spawn area: 0%
[03:20:11] [Worker-Main-1/INFO]: Preparing spawn area: 0%
[03:20:11] [Worker-Main-1/INFO]: Preparing spawn area: 0%
[03:20:11] [Worker-Main-1/INFO]: Preparing spawn area: 0%
[03:20:11] [Worker-Main-1/INFO]: Preparing spawn area: 0%
[03:20:11] [Worker-Main-1/INFO]: Preparing spawn area: 0%
[03:20:11] [Worker-Main-1/INFO]: Preparing spawn area: 0%
[03:20:11] [Worker-Main-1/INFO]: Preparing spawn area: 0%
[03:20:11] [Worker-Main-1/INFO]: Preparing spawn area: 0%
[03:20:11] [Worker-Main-1/INFO]: Preparing spawn area: 0%
[03:20:12] [Server thread/INFO]: Time elapsed: 9680 ms
[03:20:12] [Server thread/INFO]: Done (10.491s)! For help, type "help"
[03:20:22] [Server thread/INFO]: Jmat_2[/127.31.58.135:57197] logged in with entity id 49 at (1950.6484401054345, 62.0, 896.7822853905546)
[03:20:22] [Server thread/INFO]: Jmat_2 joined the game
[03:20:24] [Server thread/WARN]: Can't keep up! Is the server overloaded? Running 2728ms or 54 ticks behind
[03:20:48] [Server thread/WARN]: Can't keep up! Is the server overloaded? Running 9075ms or 181 ticks behind
[03:25:13] [Server thread/INFO]: Leytter[/127.194.163.136:56293] logged in with entity id 1152 at (1942.400641819187, 62.5625, 898.6975150056095)
[03:25:13] [Server thread/INFO]: Leytter joined the game
[03:27:02] [Server thread/INFO]: Maycol_27x[/127.137.81.102:33873] logged in with entity id 1491 at (9.5, 97.0, -2.5)
[03:27:02] [Server thread/INFO]: Maycol_27x joined the game
[03:27:15] [Server thread/INFO]: [Not Secure] <Jmat_2> 2000 900
